{"/Users/pedrojoaquimdacosta/test/desafio-dev/backend/src/modules/financeiro/controller/financeiro.controller.ts": {"path":"/Users/pedrojoaquimdacosta/test/desafio-dev/backend/src/modules/financeiro/controller/financeiro.controller.ts","statementMap":{"0":{"start":{"line":1,"column":0},"end":{"line":1,"column":null}},"1":{"start":{"line":9,"column":0},"end":{"line":9,"column":59}},"2":{"start":{"line":10,"column":0},"end":{"line":10,"column":66}},"3":{"start":{"line":13,"column":0},"end":{"line":26,"column":null}},"4":{"start":{"line":14,"column":22},"end":{"line":14,"column":41}},"5":{"start":{"line":19,"column":5},"end":{"line":19,"column":64}},"6":{"start":{"line":24,"column":2},"end":{"line":24,"column":52}},"7":{"start":{"line":18,"column":2},"end":{"line":20,"column":null}},"8":{"start":{"line":23,"column":2},"end":{"line":25,"column":null}},"9":{"start":{"line":13,"column":13},"end":{"line":26,"column":null}},"10":{"start":{"line":13,"column":13},"end":{"line":13,"column":33}}},"fnMap":{"0":{"name":"(anonymous_4)","decl":{"start":{"line":14,"column":2},"end":{"line":14,"column":22}},"loc":{"start":{"line":14,"column":58},"end":{"line":14,"column":62}}},"1":{"name":"(anonymous_5)","decl":{"start":{"line":18,"column":2},"end":{"line":18,"column":7}},"loc":{"start":{"line":18,"column":45},"end":{"line":20,"column":3}}},"2":{"name":"(anonymous_6)","decl":{"start":{"line":23,"column":2},"end":{"line":23,"column":7}},"loc":{"start":{"line":23,"column":25},"end":{"line":25,"column":3}}}},"branchMap":{},"s":{"0":1,"1":1,"2":1,"3":1,"4":1,"5":1,"6":1,"7":1,"8":1,"9":1,"10":1},"f":{"0":1,"1":1,"2":1},"b":{}}
,"/Users/pedrojoaquimdacosta/test/desafio-dev/backend/src/modules/financeiro/entity/financeiro.entity.ts": {"path":"/Users/pedrojoaquimdacosta/test/desafio-dev/backend/src/modules/financeiro/entity/financeiro.entity.ts","statementMap":{"0":{"start":{"line":1,"column":0},"end":{"line":1,"column":null}},"1":{"start":{"line":8,"column":0},"end":{"line":35,"column":null}},"2":{"start":{"line":10,"column":2},"end":{"line":10,"column":null}},"3":{"start":{"line":13,"column":2},"end":{"line":13,"column":null}},"4":{"start":{"line":16,"column":2},"end":{"line":16,"column":null}},"5":{"start":{"line":19,"column":2},"end":{"line":19,"column":null}},"6":{"start":{"line":22,"column":2},"end":{"line":22,"column":null}},"7":{"start":{"line":25,"column":2},"end":{"line":25,"column":null}},"8":{"start":{"line":28,"column":2},"end":{"line":28,"column":null}},"9":{"start":{"line":31,"column":2},"end":{"line":31,"column":null}},"10":{"start":{"line":34,"column":2},"end":{"line":34,"column":null}},"11":{"start":{"line":8,"column":13},"end":{"line":35,"column":null}},"12":{"start":{"line":8,"column":13},"end":{"line":8,"column":23}}},"fnMap":{},"branchMap":{},"s":{"0":2,"1":2,"2":2,"3":2,"4":2,"5":2,"6":2,"7":2,"8":2,"9":2,"10":2,"11":2,"12":2},"f":{},"b":{}}
,"/Users/pedrojoaquimdacosta/test/desafio-dev/backend/src/modules/financeiro/service/financeiro.service.ts": {"path":"/Users/pedrojoaquimdacosta/test/desafio-dev/backend/src/modules/financeiro/service/financeiro.service.ts","statementMap":{"0":{"start":{"line":1,"column":0},"end":{"line":1,"column":44}},"1":{"start":{"line":2,"column":0},"end":{"line":2,"column":51}},"2":{"start":{"line":3,"column":0},"end":{"line":3,"column":61}},"3":{"start":{"line":4,"column":0},"end":{"line":4,"column":37}},"4":{"start":{"line":5,"column":0},"end":{"line":5,"column":57}},"5":{"start":{"line":6,"column":24},"end":{"line":6,"column":48}},"6":{"start":{"line":7,"column":11},"end":{"line":7,"column":24}},"7":{"start":{"line":8,"column":13},"end":{"line":8,"column":28}},"8":{"start":{"line":12,"column":0},"end":{"line":61,"column":null}},"9":{"start":{"line":15,"column":12},"end":{"line":15,"column":24}},"10":{"start":{"line":19,"column":4},"end":{"line":27,"column":null}},"11":{"start":{"line":20,"column":22},"end":{"line":20,"column":47}},"12":{"start":{"line":21,"column":19},"end":{"line":21,"column":53}},"13":{"start":{"line":22,"column":19},"end":{"line":22,"column":121}},"14":{"start":{"line":22,"column":60},"end":{"line":22,"column":69}},"15":{"start":{"line":22,"column":91},"end":{"line":22,"column":120}},"16":{"start":{"line":23,"column":25},"end":{"line":23,"column":53}},"17":{"start":{"line":24,"column":6},"end":{"line":24,"column":52}},"18":{"start":{"line":26,"column":4},"end":{"line":26,"column":null}},"19":{"start":{"line":32,"column":4},"end":{"line":36,"column":null}},"20":{"start":{"line":33,"column":6},"end":{"line":33,"column":42}},"21":{"start":{"line":35,"column":6},"end":{"line":35,"column":null}},"22":{"start":{"line":41,"column":4},"end":{"line":41,"column":62}},"23":{"start":{"line":45,"column":23},"end":{"line":45,"column":50}},"24":{"start":{"line":47,"column":24},"end":{"line":55,"column":null}},"25":{"start":{"line":57,"column":4},"end":{"line":57,"column":32}},"26":{"start":{"line":59,"column":4},"end":{"line":59,"column":32}},"27":{"start":{"line":12,"column":13},"end":{"line":61,"column":null}},"28":{"start":{"line":12,"column":13},"end":{"line":12,"column":30}}},"fnMap":{"0":{"name":"(anonymous_4)","decl":{"start":{"line":13,"column":2},"end":{"line":13,"column":null}},"loc":{"start":{"line":15,"column":46},"end":{"line":16,"column":7}}},"1":{"name":"(anonymous_5)","decl":{"start":{"line":18,"column":2},"end":{"line":18,"column":7}},"loc":{"start":{"line":18,"column":29},"end":{"line":29,"column":3}}},"2":{"name":"(anonymous_6)","decl":{"start":{"line":22,"column":52},"end":{"line":22,"column":56}},"loc":{"start":{"line":22,"column":60},"end":{"line":22,"column":69}}},"3":{"name":"(anonymous_7)","decl":{"start":{"line":22,"column":76},"end":{"line":22,"column":77}},"loc":{"start":{"line":22,"column":91},"end":{"line":22,"column":120}}},"4":{"name":"(anonymous_8)","decl":{"start":{"line":31,"column":2},"end":{"line":31,"column":7}},"loc":{"start":{"line":31,"column":25},"end":{"line":38,"column":3}}},"5":{"name":"(anonymous_9)","decl":{"start":{"line":40,"column":10},"end":{"line":40,"column":23}},"loc":{"start":{"line":40,"column":33},"end":{"line":42,"column":3}}},"6":{"name":"(anonymous_10)","decl":{"start":{"line":43,"column":10},"end":{"line":43,"column":23}},"loc":{"start":{"line":43,"column":34},"end":{"line":60,"column":3}}}},"branchMap":{},"s":{"0":2,"1":2,"2":2,"3":2,"4":2,"5":2,"6":2,"7":2,"8":2,"9":1,"10":1,"11":1,"12":1,"13":1,"14":22,"15":21,"16":1,"17":1,"18":0,"19":1,"20":1,"21":0,"22":21,"23":1,"24":1,"25":1,"26":1,"27":2,"28":2},"f":{"0":1,"1":1,"2":22,"3":21,"4":1,"5":21,"6":1},"b":{}}
,"/Users/pedrojoaquimdacosta/test/desafio-dev/backend/src/shared/util/cnb.layout.ts": {"path":"/Users/pedrojoaquimdacosta/test/desafio-dev/backend/src/shared/util/cnb.layout.ts","statementMap":{"0":{"start":{"line":1,"column":13},"end":{"line":69,"column":null}}},"fnMap":{},"branchMap":{},"s":{"0":2},"f":{},"b":{}}
}
