TN:
SF:src/modules/financeiro/controller/financeiro.controller.ts
FN:14,(anonymous_4)
FN:18,(anonymous_5)
FN:23,(anonymous_6)
FNF:3
FNH:3
FNDA:1,(anonymous_4)
FNDA:1,(anonymous_5)
FNDA:1,(anonymous_6)
DA:1,1
DA:9,1
DA:10,1
DA:13,1
DA:14,1
DA:18,1
DA:19,1
DA:23,1
DA:24,1
LF:9
LH:9
BRF:0
BRH:0
end_of_record
TN:
SF:src/modules/financeiro/entity/financeiro.entity.ts
FNF:0
FNH:0
DA:1,2
DA:8,2
DA:10,2
DA:13,2
DA:16,2
DA:19,2
DA:22,2
DA:25,2
DA:28,2
DA:31,2
DA:34,2
LF:11
LH:11
BRF:0
BRH:0
end_of_record
TN:
SF:src/modules/financeiro/service/financeiro.service.ts
FN:13,(anonymous_4)
FN:18,(anonymous_5)
FN:22,(anonymous_6)
FN:22,(anonymous_7)
FN:31,(anonymous_8)
FN:40,(anonymous_9)
FN:43,(anonymous_10)
FNF:7
FNH:7
FNDA:1,(anonymous_4)
FNDA:1,(anonymous_5)
FNDA:22,(anonymous_6)
FNDA:21,(anonymous_7)
FNDA:1,(anonymous_8)
FNDA:21,(anonymous_9)
FNDA:1,(anonymous_10)
DA:1,2
DA:2,2
DA:3,2
DA:4,2
DA:5,2
DA:6,2
DA:7,2
DA:8,2
DA:12,2
DA:15,1
DA:19,1
DA:20,1
DA:21,1
DA:22,22
DA:23,1
DA:24,1
DA:26,0
DA:32,1
DA:33,1
DA:35,0
DA:41,21
DA:45,1
DA:47,1
DA:57,1
DA:59,1
LF:25
LH:23
BRF:0
BRH:0
end_of_record
TN:
SF:src/shared/util/cnb.layout.ts
FNF:0
FNH:0
DA:1,2
LF:1
LH:1
BRF:0
BRH:0
end_of_record
